<?xml version="1.0" encoding="UTF-8"?>
<testsuite xmlns:xsi="http://www.w3.org/2001/XMLSchema-instance" xsi:noNamespaceSchemaLocation="https://maven.apache.org/surefire/maven-surefire-plugin/xsd/surefire-test-report-3.0.xsd" version="3.0" name="TestSuite" time="57.748" tests="5" errors="0" skipped="0" failures="1">
  <properties>
[...]
</properties>
  <testcase name="featuredcourses" classname="Academy.E2EProject.ValidateTitle" time="0.099">
    <failure message="expected [FEATURED COUR12ES] but found [FEATURED COURSES]" type="java.lang.AssertionError">java.lang.AssertionError: expected [FEATURED COUR12ES] but found [FEATURED COURSES]
	at Academy.E2EProject.ValidateTitle.featuredcourses(ValidateTitle.java:36)
</failure>
    <system-err><![CDATA[Starting ChromeDriver 2.45.615291 (ec3682e3c9061c10f26ea9e5cdcf3c53f3f74387) on port 4707
Only local connections are allowed.
Mar 01, 2019 8:39:08 AM org.openqa.selenium.remote.ProtocolHandshake createSession
INFO: Detected dialect: OSS
]]></system-err>
  </testcase>
  <testcase name="landingHomepage" classname="Academy.E2EProject.HomePageTest" time="12.959"/>
  <testcase name="landingHomepage" classname="Academy.E2EProject.HomePageTest" time="4.829"/>
  <testcase name="landingHomepage" classname="Academy.E2EProject.HomePageTest" time="8.652"/>
  <testcase name="navigationbar" classname="Academy.E2EProject.ValidateNavBar" time="0.045"/>
</testsuite>