<?xml version="1.0" encoding="UTF-8"?>
<!-- Generated by org.testng.reporters.JUnitXMLReporter -->
<testsuite hostname="Indu" ignored="0" name="HomePageTest" tests="3" failures="0" timestamp="01 Mar 2019 15:37:27 GMT" time="34.967" errors="0">
  <testcase name="landingHomepage" time="16.664" classname="Academy.E2EProject.HomePageTest"/>
  <testcase name="landingHomepage" time="4.866" classname="Academy.E2EProject.HomePageTest"/>
  <testcase name="landingHomepage" time="10.573" classname="Academy.E2EProject.HomePageTest"/>
</testsuite> <!-- HomePageTest -->
