<?xml version="1.0" encoding="UTF-8"?>
<!-- Generated by org.testng.reporters.JUnitXMLReporter -->
<testsuite hostname="Indu" ignored="0" name="ValidateTitle" tests="1" failures="1" timestamp="01 Mar 2019 15:36:52 GMT" time="14.862" errors="0">
  <testcase name="featuredcourses" time="0.068" classname="Academy.E2EProject.ValidateTitle">
    <failure type="java.lang.AssertionError" message="expected [FEATURED COUR12ES] but found [FEATURED COURSES]">
      <![CDATA[java.lang.AssertionError: expected [FEATURED COUR12ES] but found [FEATURED COURSES]
at Academy.E2EProject.ValidateTitle.featuredcourses(ValidateTitle.java:36)
... Removed 31 stack frames]]>
    </failure>
  </testcase> <!-- featuredcourses -->
</testsuite> <!-- ValidateTitle -->
