<?xml version="1.0" encoding="UTF-8"?>
<!-- Generated by org.testng.reporters.JUnitXMLReporter -->
<testsuite hostname="Indu" ignored="0" name="HomePageTest" tests="3" failures="0" timestamp="2019-03-01T08:39:50 MST" time="29.489" errors="0">
  <testcase name="landingHomepage" time="12.959" classname="Academy.E2EProject.HomePageTest"/>
  <testcase name="landingHomepage" time="4.828" classname="Academy.E2EProject.HomePageTest"/>
  <testcase name="landingHomepage" time="8.652" classname="Academy.E2EProject.HomePageTest"/>
</testsuite> <!-- HomePageTest -->
